<?xml version="1.0" encoding="UTF-8"?>
<!-- Generated by org.testng.reporters.JUnitXMLReporter -->
<testsuite ignored="0" hostname="Bharaths-MacBook-Pro.local" failures="0" tests="10" name="Cart Tests(failed)" time="12.135" errors="0" timestamp="2025-06-24T14:28:55 IST">
  <testcase classname="testcases.CartTests" name="testGetCartsSorted" time="1.541"/>
  <testcase classname="testcases.CartTests" name="testGetCartsByDateRange" time="0.489"/>
  <testcase classname="testcases.CartTests" name="testGetCartsWithLimit" time="2.346"/>
  <testcase classname="testcases.CartTests" name="testGetAllCarts" time="0.944"/>
  <testcase classname="testcases.CartTests" name="testGetCartsSortedAsc" time="1.393"/>
  <testcase classname="testcases.CartTests" name="testGetCartById" time="1.307"/>
  <testcase classname="testcases.CartTests" name="testUpdateCart" time="0.736"/>
  <testcase classname="testcases.CartTests" name="testGetUserCart" time="0.813"/>
  <testcase classname="testcases.CartTests" name="testCreateCart" time="1.198"/>
  <testcase classname="testcases.CartTests" name="testDeleteCart" time="1.085"/>
</testsuite> <!-- Cart Tests(failed) -->
