<?xml version="1.0" encoding="UTF-8"?>
<!-- Generated by org.testng.reporters.JUnitXMLReporter -->
<testsuite ignored="0" hostname="Bharaths-MacBook-Pro.local" failures="0" tests="10" name="Product Tests(failed)" time="10.076" errors="0" timestamp="2025-06-24T14:28:53 IST">
  <testcase classname="testcases.ProductTests" name="testGetSingleProductById" time="1.307"/>
  <testcase classname="testcases.ProductTests" name="testAddNewProduct" time="0.466"/>
  <testcase classname="testcases.ProductTests" name="testGetProductsByCategory" time="0.852"/>
  <testcase classname="testcases.ProductTests" name="testDeleteProduct" time="1.019"/>
  <testcase classname="testcases.ProductTests" name="testUpdateProduct" time="1.247"/>
  <testcase classname="testcases.ProductTests" name="testGetLimitedProducts" time="0.796"/>
  <testcase classname="testcases.ProductTests" name="testGetSortedProducts" time="1.247"/>
  <testcase classname="testcases.ProductTests" name="testGetSortedProductsAsc" time="0.832"/>
  <testcase classname="testcases.ProductTests" name="testGetAllCategories" time="0.566"/>
  <testcase classname="testcases.ProductTests" name="testGetAllProducts" time="1.434"/>
</testsuite> <!-- Product Tests(failed) -->
