<?xml version="1.0" encoding="UTF-8"?>
<!-- Generated by org.testng.reporters.JUnitXMLReporter -->
<testsuite ignored="0" hostname="Bharaths-MacBook-Pro.local" failures="0" tests="3" name="Schema Tests(failed)" time="3.541" errors="0" timestamp="2025-06-24T14:28:47 IST">
  <testcase classname="testcases.SchemaTests" name="testCartSchema" time="1.809"/>
  <testcase classname="testcases.SchemaTests" name="testProductSchema" time="0.717"/>
  <testcase classname="testcases.SchemaTests" name="testUserSchema" time="0.745"/>
</testsuite> <!-- Schema Tests(failed) -->
