<?xml version="1.0" encoding="UTF-8"?>
<!-- Generated by org.testng.reporters.JUnitXMLReporter -->
<testsuite ignored="0" hostname="Bharaths-MacBook-Pro.local" failures="0" tests="8" name="User Tests(failed)" time="10.409" errors="0" timestamp="2025-06-24T14:28:53 IST">
  <testcase classname="testcases.UserTests" name="testGetUsersSorted" time="1.771"/>
  <testcase classname="testcases.UserTests" name="testDeleteUser" time="1.019"/>
  <testcase classname="testcases.UserTests" name="testGetUsersSortedAsc" time="1.212"/>
  <testcase classname="testcases.UserTests" name="testGetAllUsers" time="1.016"/>
  <testcase classname="testcases.UserTests" name="testCreateUser" time="0.73"/>
  <testcase classname="testcases.UserTests" name="testGetUsersWithLimit" time="1.938"/>
  <testcase classname="testcases.UserTests" name="testUpdateUser" time="1.154"/>
  <testcase classname="testcases.UserTests" name="testGetUserById" time="1.291"/>
</testsuite> <!-- User Tests(failed) -->
