<?xml version="1.0" encoding="UTF-8"?>
<!-- Generated by org.testng.reporters.JUnitXMLReporter -->
<testsuite ignored="0" hostname="Bharaths-MacBook-Pro.local" failures="0" tests="8" name="Default test" time="9.479" errors="0" timestamp="2025-06-24T13:51:17 IST">
  <testcase classname="testcases.UserTests" name="testCreateUser" time="2.093"/>
  <testcase classname="testcases.UserTests" name="testDeleteUser" time="1.115"/>
  <testcase classname="testcases.UserTests" name="testGetAllUsers" time="0.998"/>
  <testcase classname="testcases.UserTests" name="testGetUserById" time="1.042"/>
  <testcase classname="testcases.UserTests" name="testGetUsersSorted" time="1.12"/>
  <testcase classname="testcases.UserTests" name="testGetUsersSortedAsc" time="1.144"/>
  <testcase classname="testcases.UserTests" name="testGetUsersWithLimit" time="0.942"/>
  <testcase classname="testcases.UserTests" name="testUpdateUser" time="0.832"/>
</testsuite> <!-- Default test -->
