<?xml version="1.0" encoding="UTF-8"?>
<!-- Generated by org.testng.reporters.JUnitXMLReporter -->
<testsuite ignored="0" hostname="Bharaths-MacBook-Pro.local" failures="0" tests="10" name="Cart Tests" time="11.752" errors="0" timestamp="2025-06-24T13:53:43 IST">
  <testcase classname="testcases.CartTests" name="testCreateCart" time="0.73"/>
  <testcase classname="testcases.CartTests" name="testDeleteCart" time="1.041"/>
  <testcase classname="testcases.CartTests" name="testGetAllCarts" time="1.226"/>
  <testcase classname="testcases.CartTests" name="testGetCartById" time="2.882"/>
  <testcase classname="testcases.CartTests" name="testGetCartsByDateRange" time="1.365"/>
  <testcase classname="testcases.CartTests" name="testGetCartsSorted" time="0.456"/>
  <testcase classname="testcases.CartTests" name="testGetCartsSortedAsc" time="1.347"/>
  <testcase classname="testcases.CartTests" name="testGetCartsWithLimit" time="0.831"/>
  <testcase classname="testcases.CartTests" name="testGetUserCart" time="1.082"/>
  <testcase classname="testcases.CartTests" name="testUpdateCart" time="0.769"/>
</testsuite> <!-- Cart Tests -->
