<?xml version="1.0" encoding="UTF-8"?>
<!-- Generated by org.testng.reporters.JUnitXMLReporter -->
<testsuite ignored="0" hostname="Bharaths-MacBook-Pro.local" failures="0" tests="10" name="Product Tests" time="18.729" errors="0" timestamp="2025-06-24T13:53:36 IST">
  <testcase classname="testcases.ProductTests" name="testAddNewProduct" time="2.3"/>
  <testcase classname="testcases.ProductTests" name="testDeleteProduct" time="0.843"/>
  <testcase classname="testcases.ProductTests" name="testGetAllCategories" time="1.252"/>
  <testcase classname="testcases.ProductTests" name="testGetAllProducts" time="0.951"/>
  <testcase classname="testcases.ProductTests" name="testGetLimitedProducts" time="2.796"/>
  <testcase classname="testcases.ProductTests" name="testGetProductsByCategory" time="1.357"/>
  <testcase classname="testcases.ProductTests" name="testGetSingleProductById" time="1.235"/>
  <testcase classname="testcases.ProductTests" name="testGetSortedProducts" time="0.896"/>
  <testcase classname="testcases.ProductTests" name="testGetSortedProductsAsc" time="0.884"/>
  <testcase classname="testcases.ProductTests" name="testUpdateProduct" time="5.873"/>
</testsuite> <!-- Product Tests -->
