<?xml version="1.0" encoding="UTF-8"?>
<!-- Generated by org.testng.reporters.JUnitXMLReporter -->
<testsuite ignored="0" hostname="Bharaths-MacBook-Pro.local" failures="0" tests="3" name="Schema Tests" time="4.581" errors="0" timestamp="2025-06-24T13:53:45 IST">
  <testcase classname="testcases.SchemaTests" name="testCartSchema" time="2.493"/>
  <testcase classname="testcases.SchemaTests" name="testProductSchema" time="1.225"/>
  <testcase classname="testcases.SchemaTests" name="testUserSchema" time="0.857"/>
</testsuite> <!-- Schema Tests -->
