<?xml version="1.0" encoding="UTF-8"?>
<!-- Generated by org.testng.reporters.JUnitXMLReporter -->
<testsuite ignored="0" hostname="Bharaths-MacBook-Pro.local" failures="0" tests="8" name="User Tests" time="13.416" errors="0" timestamp="2025-06-24T13:53:31 IST">
  <testcase classname="testcases.UserTests" name="testCreateUser" time="3.391"/>
  <testcase classname="testcases.UserTests" name="testDeleteUser" time="0.983"/>
  <testcase classname="testcases.UserTests" name="testGetAllUsers" time="0.546"/>
  <testcase classname="testcases.UserTests" name="testGetUserById" time="1.344"/>
  <testcase classname="testcases.UserTests" name="testGetUsersSorted" time="2.716"/>
  <testcase classname="testcases.UserTests" name="testGetUsersSortedAsc" time="0.834"/>
  <testcase classname="testcases.UserTests" name="testGetUsersWithLimit" time="2.908"/>
  <testcase classname="testcases.UserTests" name="testUpdateUser" time="0.377"/>
</testsuite> <!-- User Tests -->
