<?xml version="1.0" encoding="UTF-8"?>
<testng-results ignored="0" total="33" passed="33" failed="0" skipped="0">
  <reporter-output>
  </reporter-output>
  <suite started-at="2025-06-24T14:28:43 IST" name="Failed suite [API TestSuite]" finished-at="2025-06-24T14:28:55 IST" duration-ms="12135">
    <groups>
    </groups>
    <test started-at="2025-06-24T14:28:43 IST" name="Schema Tests(failed)" finished-at="2025-06-24T14:28:47 IST" duration-ms="3541">
      <class name="testcases.SchemaTests">
        <test-method is-config="true" signature="setup()[pri:0, instance:testcases.SchemaTests@222a59e6]" started-at="2025-06-24T14:28:43 IST" name="setup" finished-at="2025-06-24T14:28:43 IST" duration-ms="155" status="PASS">
          <reporter-output>
          </reporter-output>
        </test-method> <!-- setup -->
        <test-method signature="testCartSchema()[pri:0, instance:testcases.SchemaTests@222a59e6]" started-at="2025-06-24T14:28:43 IST" name="testCartSchema" finished-at="2025-06-24T14:28:45 IST" duration-ms="1809" status="PASS">
          <reporter-output>
          </reporter-output>
        </test-method> <!-- testCartSchema -->
        <test-method signature="testProductSchema()[pri:0, instance:testcases.SchemaTests@222a59e6]" started-at="2025-06-24T14:28:45 IST" name="testProductSchema" finished-at="2025-06-24T14:28:46 IST" duration-ms="717" status="PASS">
          <reporter-output>
          </reporter-output>
        </test-method> <!-- testProductSchema -->
        <test-method signature="testUserSchema()[pri:0, instance:testcases.SchemaTests@222a59e6]" started-at="2025-06-24T14:28:46 IST" name="testUserSchema" finished-at="2025-06-24T14:28:47 IST" duration-ms="745" status="PASS">
          <reporter-output>
          </reporter-output>
        </test-method> <!-- testUserSchema -->
      </class> <!-- testcases.SchemaTests -->
    </test> <!-- Schema Tests(failed) -->
    <test started-at="2025-06-24T14:28:43 IST" name="Auth Tests(failed)" finished-at="2025-06-24T14:28:50 IST" duration-ms="7352">
      <class name="testcases.LoginTests">
        <test-method is-config="true" signature="setup()[pri:0, instance:testcases.LoginTests@9816741]" started-at="2025-06-24T14:28:43 IST" name="setup" finished-at="2025-06-24T14:28:43 IST" duration-ms="156" status="PASS">
          <reporter-output>
          </reporter-output>
        </test-method> <!-- setup -->
        <test-method signature="testValidUserLogin()[pri:0, instance:testcases.LoginTests@9816741]" started-at="2025-06-24T14:28:43 IST" name="testValidUserLogin" finished-at="2025-06-24T14:28:45 IST" duration-ms="1777" status="PASS">
          <reporter-output>
          </reporter-output>
        </test-method> <!-- testValidUserLogin -->
        <test-method signature="testInvalidUserLogin()[pri:0, instance:testcases.LoginTests@9816741]" started-at="2025-06-24T14:28:45 IST" name="testInvalidUserLogin" finished-at="2025-06-24T14:28:50 IST" duration-ms="5309" status="PASS">
          <reporter-output>
          </reporter-output>
        </test-method> <!-- testInvalidUserLogin -->
      </class> <!-- testcases.LoginTests -->
    </test> <!-- Auth Tests(failed) -->
    <test started-at="2025-06-24T14:28:43 IST" name="Product Tests(failed)" finished-at="2025-06-24T14:28:53 IST" duration-ms="10076">
      <class name="testcases.ProductTests">
        <test-method is-config="true" signature="setup()[pri:0, instance:testcases.ProductTests@7905a0b8]" started-at="2025-06-24T14:28:43 IST" name="setup" finished-at="2025-06-24T14:28:43 IST" duration-ms="155" status="PASS">
          <reporter-output>
          </reporter-output>
        </test-method> <!-- setup -->
        <test-method signature="testGetSingleProductById()[pri:0, instance:testcases.ProductTests@7905a0b8]" started-at="2025-06-24T14:28:43 IST" name="testGetSingleProductById" finished-at="2025-06-24T14:28:45 IST" duration-ms="1307" status="PASS">
          <reporter-output>
          </reporter-output>
        </test-method> <!-- testGetSingleProductById -->
        <test-method signature="testAddNewProduct()[pri:0, instance:testcases.ProductTests@7905a0b8]" started-at="2025-06-24T14:28:45 IST" name="testAddNewProduct" finished-at="2025-06-24T14:28:45 IST" duration-ms="466" status="PASS">
          <reporter-output>
          </reporter-output>
        </test-method> <!-- testAddNewProduct -->
        <test-method signature="testGetProductsByCategory()[pri:0, instance:testcases.ProductTests@7905a0b8]" started-at="2025-06-24T14:28:45 IST" name="testGetProductsByCategory" finished-at="2025-06-24T14:28:46 IST" duration-ms="852" status="PASS">
          <reporter-output>
          </reporter-output>
        </test-method> <!-- testGetProductsByCategory -->
        <test-method signature="testDeleteProduct()[pri:0, instance:testcases.ProductTests@7905a0b8]" started-at="2025-06-24T14:28:46 IST" name="testDeleteProduct" finished-at="2025-06-24T14:28:47 IST" duration-ms="1019" status="PASS">
          <reporter-output>
          </reporter-output>
        </test-method> <!-- testDeleteProduct -->
        <test-method signature="testUpdateProduct()[pri:0, instance:testcases.ProductTests@7905a0b8]" started-at="2025-06-24T14:28:47 IST" name="testUpdateProduct" finished-at="2025-06-24T14:28:48 IST" duration-ms="1247" status="PASS">
          <reporter-output>
          </reporter-output>
        </test-method> <!-- testUpdateProduct -->
        <test-method signature="testGetLimitedProducts()[pri:0, instance:testcases.ProductTests@7905a0b8]" started-at="2025-06-24T14:28:48 IST" name="testGetLimitedProducts" finished-at="2025-06-24T14:28:49 IST" duration-ms="796" status="PASS">
          <reporter-output>
          </reporter-output>
        </test-method> <!-- testGetLimitedProducts -->
        <test-method signature="testGetSortedProducts()[pri:0, instance:testcases.ProductTests@7905a0b8]" started-at="2025-06-24T14:28:49 IST" name="testGetSortedProducts" finished-at="2025-06-24T14:28:50 IST" duration-ms="1247" status="PASS">
          <reporter-output>
          </reporter-output>
        </test-method> <!-- testGetSortedProducts -->
        <test-method signature="testGetSortedProductsAsc()[pri:0, instance:testcases.ProductTests@7905a0b8]" started-at="2025-06-24T14:28:50 IST" name="testGetSortedProductsAsc" finished-at="2025-06-24T14:28:51 IST" duration-ms="832" status="PASS">
          <reporter-output>
          </reporter-output>
        </test-method> <!-- testGetSortedProductsAsc -->
        <test-method signature="testGetAllCategories()[pri:0, instance:testcases.ProductTests@7905a0b8]" started-at="2025-06-24T14:28:51 IST" name="testGetAllCategories" finished-at="2025-06-24T14:28:52 IST" duration-ms="566" status="PASS">
          <reporter-output>
          </reporter-output>
        </test-method> <!-- testGetAllCategories -->
        <test-method signature="testGetAllProducts()[pri:0, instance:testcases.ProductTests@7905a0b8]" started-at="2025-06-24T14:28:52 IST" name="testGetAllProducts" finished-at="2025-06-24T14:28:53 IST" duration-ms="1434" status="PASS">
          <reporter-output>
          </reporter-output>
        </test-method> <!-- testGetAllProducts -->
      </class> <!-- testcases.ProductTests -->
    </test> <!-- Product Tests(failed) -->
    <test started-at="2025-06-24T14:28:43 IST" name="User Tests(failed)" finished-at="2025-06-24T14:28:53 IST" duration-ms="10409">
      <class name="testcases.UserTests">
        <test-method is-config="true" signature="setup()[pri:0, instance:testcases.UserTests@3f1d2e23]" started-at="2025-06-24T14:28:43 IST" name="setup" finished-at="2025-06-24T14:28:43 IST" duration-ms="155" status="PASS">
          <reporter-output>
          </reporter-output>
        </test-method> <!-- setup -->
        <test-method signature="testGetUsersSorted()[pri:0, instance:testcases.UserTests@3f1d2e23]" started-at="2025-06-24T14:28:43 IST" name="testGetUsersSorted" finished-at="2025-06-24T14:28:45 IST" duration-ms="1771" status="PASS">
          <reporter-output>
          </reporter-output>
        </test-method> <!-- testGetUsersSorted -->
        <test-method signature="testDeleteUser()[pri:0, instance:testcases.UserTests@3f1d2e23]" started-at="2025-06-24T14:28:45 IST" name="testDeleteUser" finished-at="2025-06-24T14:28:46 IST" duration-ms="1019" status="PASS">
          <reporter-output>
          </reporter-output>
        </test-method> <!-- testDeleteUser -->
        <test-method signature="testGetUsersSortedAsc()[pri:0, instance:testcases.UserTests@3f1d2e23]" started-at="2025-06-24T14:28:46 IST" name="testGetUsersSortedAsc" finished-at="2025-06-24T14:28:47 IST" duration-ms="1212" status="PASS">
          <reporter-output>
          </reporter-output>
        </test-method> <!-- testGetUsersSortedAsc -->
        <test-method signature="testGetAllUsers()[pri:0, instance:testcases.UserTests@3f1d2e23]" started-at="2025-06-24T14:28:47 IST" name="testGetAllUsers" finished-at="2025-06-24T14:28:48 IST" duration-ms="1016" status="PASS">
          <reporter-output>
          </reporter-output>
        </test-method> <!-- testGetAllUsers -->
        <test-method signature="testCreateUser()[pri:0, instance:testcases.UserTests@3f1d2e23]" started-at="2025-06-24T14:28:48 IST" name="testCreateUser" finished-at="2025-06-24T14:28:49 IST" duration-ms="730" status="PASS">
          <reporter-output>
          </reporter-output>
        </test-method> <!-- testCreateUser -->
        <test-method signature="testGetUsersWithLimit()[pri:0, instance:testcases.UserTests@3f1d2e23]" started-at="2025-06-24T14:28:49 IST" name="testGetUsersWithLimit" finished-at="2025-06-24T14:28:51 IST" duration-ms="1938" status="PASS">
          <reporter-output>
          </reporter-output>
        </test-method> <!-- testGetUsersWithLimit -->
        <test-method signature="testUpdateUser()[pri:0, instance:testcases.UserTests@3f1d2e23]" started-at="2025-06-24T14:28:51 IST" name="testUpdateUser" finished-at="2025-06-24T14:28:52 IST" duration-ms="1154" status="PASS">
          <reporter-output>
          </reporter-output>
        </test-method> <!-- testUpdateUser -->
        <test-method signature="testGetUserById()[pri:0, instance:testcases.UserTests@3f1d2e23]" started-at="2025-06-24T14:28:52 IST" name="testGetUserById" finished-at="2025-06-24T14:28:53 IST" duration-ms="1291" status="PASS">
          <reporter-output>
          </reporter-output>
        </test-method> <!-- testGetUserById -->
      </class> <!-- testcases.UserTests -->
    </test> <!-- User Tests(failed) -->
    <test started-at="2025-06-24T14:28:43 IST" name="Cart Tests(failed)" finished-at="2025-06-24T14:28:55 IST" duration-ms="12135">
      <class name="testcases.CartTests">
        <test-method is-config="true" signature="setup()[pri:0, instance:testcases.CartTests@b86de0d]" started-at="2025-06-24T14:28:43 IST" name="setup" finished-at="2025-06-24T14:28:43 IST" duration-ms="156" status="PASS">
          <reporter-output>
          </reporter-output>
        </test-method> <!-- setup -->
        <test-method signature="testGetCartsSorted()[pri:0, instance:testcases.CartTests@b86de0d]" started-at="2025-06-24T14:28:43 IST" name="testGetCartsSorted" finished-at="2025-06-24T14:28:45 IST" duration-ms="1541" status="PASS">
          <reporter-output>
          </reporter-output>
        </test-method> <!-- testGetCartsSorted -->
        <test-method signature="testGetCartsByDateRange()[pri:0, instance:testcases.CartTests@b86de0d]" started-at="2025-06-24T14:28:45 IST" name="testGetCartsByDateRange" finished-at="2025-06-24T14:28:45 IST" duration-ms="489" status="PASS">
          <reporter-output>
          </reporter-output>
        </test-method> <!-- testGetCartsByDateRange -->
        <test-method signature="testGetCartsWithLimit()[pri:0, instance:testcases.CartTests@b86de0d]" started-at="2025-06-24T14:28:45 IST" name="testGetCartsWithLimit" finished-at="2025-06-24T14:28:48 IST" duration-ms="2346" status="PASS">
          <reporter-output>
          </reporter-output>
        </test-method> <!-- testGetCartsWithLimit -->
        <test-method signature="testGetAllCarts()[pri:0, instance:testcases.CartTests@b86de0d]" started-at="2025-06-24T14:28:48 IST" name="testGetAllCarts" finished-at="2025-06-24T14:28:49 IST" duration-ms="944" status="PASS">
          <reporter-output>
          </reporter-output>
        </test-method> <!-- testGetAllCarts -->
        <test-method signature="testGetCartsSortedAsc()[pri:0, instance:testcases.CartTests@b86de0d]" started-at="2025-06-24T14:28:49 IST" name="testGetCartsSortedAsc" finished-at="2025-06-24T14:28:50 IST" duration-ms="1393" status="PASS">
          <reporter-output>
          </reporter-output>
        </test-method> <!-- testGetCartsSortedAsc -->
        <test-method signature="testGetCartById()[pri:0, instance:testcases.CartTests@b86de0d]" started-at="2025-06-24T14:28:50 IST" name="testGetCartById" finished-at="2025-06-24T14:28:51 IST" duration-ms="1307" status="PASS">
          <reporter-output>
          </reporter-output>
        </test-method> <!-- testGetCartById -->
        <test-method signature="testUpdateCart()[pri:0, instance:testcases.CartTests@b86de0d]" started-at="2025-06-24T14:28:51 IST" name="testUpdateCart" finished-at="2025-06-24T14:28:52 IST" duration-ms="736" status="PASS">
          <reporter-output>
          </reporter-output>
        </test-method> <!-- testUpdateCart -->
        <test-method signature="testGetUserCart()[pri:0, instance:testcases.CartTests@b86de0d]" started-at="2025-06-24T14:28:52 IST" name="testGetUserCart" finished-at="2025-06-24T14:28:53 IST" duration-ms="813" status="PASS">
          <reporter-output>
          </reporter-output>
        </test-method> <!-- testGetUserCart -->
        <test-method signature="testCreateCart()[pri:0, instance:testcases.CartTests@b86de0d]" started-at="2025-06-24T14:28:53 IST" name="testCreateCart" finished-at="2025-06-24T14:28:54 IST" duration-ms="1198" status="PASS">
          <reporter-output>
          </reporter-output>
        </test-method> <!-- testCreateCart -->
        <test-method signature="testDeleteCart()[pri:0, instance:testcases.CartTests@b86de0d]" started-at="2025-06-24T14:28:54 IST" name="testDeleteCart" finished-at="2025-06-24T14:28:55 IST" duration-ms="1085" status="PASS">
          <reporter-output>
          </reporter-output>
        </test-method> <!-- testDeleteCart -->
      </class> <!-- testcases.CartTests -->
    </test> <!-- Cart Tests(failed) -->
  </suite> <!-- Failed suite [API TestSuite] -->
</testng-results>
